[debug] [2023-12-05T14:28:29.582Z] ----------------------------------------------------------------------
[debug] [2023-12-05T14:28:29.583Z] Command:       C:\Program Files\nodejs\node.exe C:\Users\aksha\AppData\Roaming\npm\node_modules\firebase-tools\lib\bin\firebase.js init
[debug] [2023-12-05T14:28:29.584Z] CLI Version:   12.9.1
[debug] [2023-12-05T14:28:29.584Z] Platform:      win32
[debug] [2023-12-05T14:28:29.584Z] Node Version:  v18.12.1
[debug] [2023-12-05T14:28:29.585Z] Time:          Tue Dec 05 2023 19:58:29 GMT+0530 (India Standard Time)
[debug] [2023-12-05T14:28:29.585Z] ----------------------------------------------------------------------
[debug] 
[debug] [2023-12-05T14:28:29.675Z] > command requires scopes: ["email","openid","https://www.googleapis.com/auth/cloudplatformprojects.readonly","https://www.googleapis.com/auth/firebase","https://www.googleapis.com/auth/cloud-platform"]
[debug] [2023-12-05T14:28:29.676Z] > authorizing via signed-in user (akshayrayate1999@gmail.com)
[info] 
     ######## #### ########  ######## ########     ###     ######  ########
     ##        ##  ##     ## ##       ##     ##  ##   ##  ##       ##
     ######    ##  ########  ######   ########  #########  ######  ######
     ##        ##  ##    ##  ##       ##     ## ##     ##       ## ##
     ##       #### ##     ## ######## ########  ##     ##  ######  ########

You're about to initialize a Firebase project in this directory:

  E:\04_React\my-porfolio

Before we get started, keep in mind:

  * You are initializing within an existing Firebase project directory

[info] 
=== Project Setup
[info] 
[info] First, let's associate this project directory with a Firebase project.
[info] You can create multiple project aliases by running firebase use --add, 
[info] but for now we'll just set up a default project.
[info] 
[debug] [2023-12-05T14:28:35.058Z] Using project from CLI flag: my-portfolio-a385c
[debug] [2023-12-05T14:28:35.060Z] > refreshing access token with scopes: []
[debug] [2023-12-05T14:28:35.061Z] >>> [apiv2][query] POST https://www.googleapis.com/oauth2/v3/token [none]
[debug] [2023-12-05T14:28:35.062Z] >>> [apiv2][body] POST https://www.googleapis.com/oauth2/v3/token [omitted]
[debug] [2023-12-05T14:28:56.370Z] *** [apiv2] error from fetch(https://www.googleapis.com/oauth2/v3/token, {"headers":{},"method":"POST","body":{"_overheadLength":545,"_valueLength":212,"_valuesToMeasure":[],"writable":false,"readable":true,"dataSize":0,"maxDataSize":2097152,"pauseStreams":true,"_released":true,"_streams":[],"_currentStream":null,"_insideLoop":false,"_pendingNext":false,"_boundary":"--------------------------845788696967898494370657","_events":{},"_eventsCount":1}}): FetchError: request to https://www.googleapis.com/oauth2/v3/token failed, reason: connect ETIMEDOUT 2404:6800:4009:809::200a:443
[debug] [2023-12-05T14:28:56.371Z] Authentication Error: Your credentials are no longer valid. Please run firebase login --reauth

For CI servers and headless environments, generate a new token with firebase login:ci
[debug] [2023-12-05T14:28:58.242Z] FirebaseError: Authentication Error: Your credentials are no longer valid. Please run firebase login --reauth

For CI servers and headless environments, generate a new token with firebase login:ci
    at invalidCredentialError (C:\Users\aksha\AppData\Roaming\npm\node_modules\firebase-tools\lib\auth.js:144:12)
    at refreshTokens (C:\Users\aksha\AppData\Roaming\npm\node_modules\firebase-tools\lib\auth.js:508:15)
    at process.processTicksAndRejections (node:internal/process/task_queues:95:5)
    at async Client.getAccessToken (C:\Users\aksha\AppData\Roaming\npm\node_modules\firebase-tools\lib\apiv2.js:149:22)
    at async Client.addAuthHeader (C:\Users\aksha\AppData\Roaming\npm\node_modules\firebase-tools\lib\apiv2.js:140:21)
    at async Client.request (C:\Users\aksha\AppData\Roaming\npm\node_modules\firebase-tools\lib\apiv2.js:96:34)
    at async getFirebaseProject (C:\Users\aksha\AppData\Roaming\npm\node_modules\firebase-tools\lib\management\projects.js:295:21)
    at async doSetup (C:\Users\aksha\AppData\Roaming\npm\node_modules\firebase-tools\lib\init\features\project.js:85:27)
    at async init (C:\Users\aksha\AppData\Roaming\npm\node_modules\firebase-tools\lib\init\index.js:41:9)
[error] 
[error] Error: Failed to get Firebase project my-portfolio-a385c. Please make sure the project exists and your account has permission to access it.
[debug] [2023-12-05T14:30:53.673Z] ----------------------------------------------------------------------
[debug] [2023-12-05T14:30:53.675Z] Command:       C:\Program Files\nodejs\node.exe C:\Users\aksha\AppData\Roaming\npm\node_modules\firebase-tools\lib\bin\firebase.js use --add
[debug] [2023-12-05T14:30:53.675Z] CLI Version:   12.9.1
[debug] [2023-12-05T14:30:53.675Z] Platform:      win32
[debug] [2023-12-05T14:30:53.676Z] Node Version:  v18.12.1
[debug] [2023-12-05T14:30:53.676Z] Time:          Tue Dec 05 2023 20:00:53 GMT+0530 (India Standard Time)
[debug] [2023-12-05T14:30:53.676Z] ----------------------------------------------------------------------
[debug] 
[debug] [2023-12-05T14:30:53.775Z] > command requires scopes: ["email","openid","https://www.googleapis.com/auth/cloudplatformprojects.readonly","https://www.googleapis.com/auth/firebase","https://www.googleapis.com/auth/cloud-platform"]
[debug] [2023-12-05T14:30:53.776Z] > authorizing via signed-in user (akshayrayate1999@gmail.com)
[debug] [2023-12-05T14:30:53.777Z] > refreshing access token with scopes: []
[debug] [2023-12-05T14:30:53.779Z] >>> [apiv2][query] POST https://www.googleapis.com/oauth2/v3/token [none]
[debug] [2023-12-05T14:30:53.779Z] >>> [apiv2][body] POST https://www.googleapis.com/oauth2/v3/token [omitted]
[debug] [2023-12-05T14:30:55.639Z] <<< [apiv2][status] POST https://www.googleapis.com/oauth2/v3/token 400
[debug] [2023-12-05T14:30:55.639Z] <<< [apiv2][body] POST https://www.googleapis.com/oauth2/v3/token [omitted]
[debug] [2023-12-05T14:30:55.640Z] >>> [apiv2][query] GET https://firebase.googleapis.com/v1beta1/projects pageSize=1000
[debug] [2023-12-05T14:31:06.937Z] <<< [apiv2][status] GET https://firebase.googleapis.com/v1beta1/projects 401
[debug] [2023-12-05T14:31:06.937Z] <<< [apiv2][body] GET https://firebase.googleapis.com/v1beta1/projects [omitted]
[debug] [2023-12-05T14:31:06.938Z] HTTP Error: 401, Request had invalid authentication credentials. Expected OAuth 2 access token, login cookie or other valid authentication credential. See https://developers.google.com/identity/sign-in/web/devconsole-project.
[debug] [2023-12-05T14:31:11.942Z] Error: Timed out.
    at Timeout._onTimeout (C:\Users\aksha\AppData\Roaming\npm\node_modules\firebase-tools\lib\utils.js:254:49)
    at listOnTimeout (node:internal/timers:564:17)
    at process.processTimers (node:internal/timers:507:7)
[error] 
[error] Error: An unexpected error has occurred.
[debug] [2023-12-05T14:33:23.849Z] ----------------------------------------------------------------------
[debug] [2023-12-05T14:33:23.850Z] Command:       C:\Program Files\nodejs\node.exe C:\Users\aksha\AppData\Roaming\npm\node_modules\firebase-tools\lib\bin\firebase.js login
[debug] [2023-12-05T14:33:23.851Z] CLI Version:   12.9.1
[debug] [2023-12-05T14:33:23.851Z] Platform:      win32
[debug] [2023-12-05T14:33:23.851Z] Node Version:  v18.12.1
[debug] [2023-12-05T14:33:23.852Z] Time:          Tue Dec 05 2023 20:03:23 GMT+0530 (India Standard Time)
[debug] [2023-12-05T14:33:23.852Z] ----------------------------------------------------------------------
[debug] 
[info] Already logged in as akshayrayate1999@gmail.com
[debug] [2023-12-05T14:33:33.995Z] Error: Timed out.
    at Timeout._onTimeout (C:\Users\aksha\AppData\Roaming\npm\node_modules\firebase-tools\lib\utils.js:254:49)
    at listOnTimeout (node:internal/timers:564:17)
    at process.processTimers (node:internal/timers:507:7)
[error] 
[error] Error: An unexpected error has occurred.
[debug] [2023-12-05T14:33:49.548Z] ----------------------------------------------------------------------
[debug] [2023-12-05T14:33:49.550Z] Command:       C:\Program Files\nodejs\node.exe C:\Users\aksha\AppData\Roaming\npm\node_modules\firebase-tools\lib\bin\firebase.js init
[debug] [2023-12-05T14:33:49.550Z] CLI Version:   12.9.1
[debug] [2023-12-05T14:33:49.551Z] Platform:      win32
[debug] [2023-12-05T14:33:49.551Z] Node Version:  v18.12.1
[debug] [2023-12-05T14:33:49.552Z] Time:          Tue Dec 05 2023 20:03:49 GMT+0530 (India Standard Time)
[debug] [2023-12-05T14:33:49.552Z] ----------------------------------------------------------------------
[debug] 
[debug] [2023-12-05T14:33:49.644Z] > command requires scopes: ["email","openid","https://www.googleapis.com/auth/cloudplatformprojects.readonly","https://www.googleapis.com/auth/firebase","https://www.googleapis.com/auth/cloud-platform"]
[debug] [2023-12-05T14:33:49.645Z] > authorizing via signed-in user (akshayrayate1999@gmail.com)
[info] 
     ######## #### ########  ######## ########     ###     ######  ########
     ##        ##  ##     ## ##       ##     ##  ##   ##  ##       ##
     ######    ##  ########  ######   ########  #########  ######  ######
     ##        ##  ##    ##  ##       ##     ## ##     ##       ## ##
     ##       #### ##     ## ######## ########  ##     ##  ######  ########

You're about to initialize a Firebase project in this directory:

  E:\04_React\my-porfolio

Before we get started, keep in mind:

  * You are initializing within an existing Firebase project directory

[info] 
=== Project Setup
[info] 
[info] First, let's associate this project directory with a Firebase project.
[info] You can create multiple project aliases by running firebase use --add, 
[info] but for now we'll just set up a default project.
[info] 
[debug] [2023-12-05T14:33:56.601Z] Using project from CLI flag: my-portfolio-a385c
[debug] [2023-12-05T14:33:56.603Z] > refreshing access token with scopes: []
[debug] [2023-12-05T14:33:56.604Z] >>> [apiv2][query] POST https://www.googleapis.com/oauth2/v3/token [none]
[debug] [2023-12-05T14:33:56.604Z] >>> [apiv2][body] POST https://www.googleapis.com/oauth2/v3/token [omitted]
[debug] [2023-12-05T14:34:07.928Z] *** [apiv2] error from fetch(https://www.googleapis.com/oauth2/v3/token, {"headers":{},"method":"POST","body":{"_overheadLength":545,"_valueLength":212,"_valuesToMeasure":[],"writable":false,"readable":true,"dataSize":0,"maxDataSize":2097152,"pauseStreams":true,"_released":true,"_streams":[],"_currentStream":null,"_insideLoop":false,"_pendingNext":false,"_boundary":"--------------------------883308022017773516160528","_events":{},"_eventsCount":1}}): FetchError: request to https://www.googleapis.com/oauth2/v3/token failed, reason: getaddrinfo ENOTFOUND www.googleapis.com
[debug] [2023-12-05T14:34:07.929Z] Authentication Error: Your credentials are no longer valid. Please run firebase login --reauth

For CI servers and headless environments, generate a new token with firebase login:ci
[debug] [2023-12-05T14:34:12.937Z] Error: Timed out.
    at Timeout._onTimeout (C:\Users\aksha\AppData\Roaming\npm\node_modules\firebase-tools\lib\utils.js:254:49)
    at listOnTimeout (node:internal/timers:564:17)
    at process.processTimers (node:internal/timers:507:7)
[error] 
[error] Error: An unexpected error has occurred.
[debug] [2023-12-05T14:38:20.915Z] ----------------------------------------------------------------------
[debug] [2023-12-05T14:38:20.917Z] Command:       C:\Program Files\nodejs\node.exe C:\Users\aksha\AppData\Roaming\npm\node_modules\firebase-tools\lib\bin\firebase.js init
[debug] [2023-12-05T14:38:20.917Z] CLI Version:   12.9.1
[debug] [2023-12-05T14:38:20.918Z] Platform:      win32
[debug] [2023-12-05T14:38:20.918Z] Node Version:  v18.12.1
[debug] [2023-12-05T14:38:20.919Z] Time:          Tue Dec 05 2023 20:08:20 GMT+0530 (India Standard Time)
[debug] [2023-12-05T14:38:20.919Z] ----------------------------------------------------------------------
[debug] 
[debug] [2023-12-05T14:38:21.034Z] > command requires scopes: ["email","openid","https://www.googleapis.com/auth/cloudplatformprojects.readonly","https://www.googleapis.com/auth/firebase","https://www.googleapis.com/auth/cloud-platform"]
[debug] [2023-12-05T14:38:21.035Z] > authorizing via signed-in user (akshayrayate1999@gmail.com)
[info] 
     ######## #### ########  ######## ########     ###     ######  ########
     ##        ##  ##     ## ##       ##     ##  ##   ##  ##       ##
     ######    ##  ########  ######   ########  #########  ######  ######
     ##        ##  ##    ##  ##       ##     ## ##     ##       ## ##
     ##       #### ##     ## ######## ########  ##     ##  ######  ########

You're about to initialize a Firebase project in this directory:

  E:\04_React\my-porfolio

Before we get started, keep in mind:

  * You are initializing within an existing Firebase project directory

[info] 
=== Project Setup
[info] 
[info] First, let's associate this project directory with a Firebase project.
[info] You can create multiple project aliases by running firebase use --add, 
[info] but for now we'll just set up a default project.
[info] 
[debug] [2023-12-05T14:38:30.730Z] Using project from CLI flag: my-portfolio-a385c
[debug] [2023-12-05T14:38:30.732Z] > refreshing access token with scopes: []
[debug] [2023-12-05T14:38:30.733Z] >>> [apiv2][query] POST https://www.googleapis.com/oauth2/v3/token [none]
[debug] [2023-12-05T14:38:30.734Z] >>> [apiv2][body] POST https://www.googleapis.com/oauth2/v3/token [omitted]
[debug] [2023-12-05T14:38:34.659Z] <<< [apiv2][status] POST https://www.googleapis.com/oauth2/v3/token 400
[debug] [2023-12-05T14:38:34.659Z] <<< [apiv2][body] POST https://www.googleapis.com/oauth2/v3/token [omitted]
[debug] [2023-12-05T14:38:34.660Z] >>> [apiv2][query] GET https://firebase.googleapis.com/v1beta1/projects/my-portfolio-a385c [none]
[debug] [2023-12-05T14:38:46.388Z] <<< [apiv2][status] GET https://firebase.googleapis.com/v1beta1/projects/my-portfolio-a385c 401
[debug] [2023-12-05T14:38:46.388Z] <<< [apiv2][body] GET https://firebase.googleapis.com/v1beta1/projects/my-portfolio-a385c {"error":{"code":401,"message":"Request had invalid authentication credentials. Expected OAuth 2 access token, login cookie or other valid authentication credential. See https://developers.google.com/identity/sign-in/web/devconsole-project.","status":"UNAUTHENTICATED"}}
[debug] [2023-12-05T14:38:46.389Z] HTTP Error: 401, Request had invalid authentication credentials. Expected OAuth 2 access token, login cookie or other valid authentication credential. See https://developers.google.com/identity/sign-in/web/devconsole-project.
[debug] [2023-12-05T14:38:47.949Z] FirebaseError: HTTP Error: 401, Request had invalid authentication credentials. Expected OAuth 2 access token, login cookie or other valid authentication credential. See https://developers.google.com/identity/sign-in/web/devconsole-project.
    at responseToError (C:\Users\aksha\AppData\Roaming\npm\node_modules\firebase-tools\lib\responseToError.js:49:12)
    at RetryOperation._fn (C:\Users\aksha\AppData\Roaming\npm\node_modules\firebase-tools\lib\apiv2.js:285:77)
    at process.processTicksAndRejections (node:internal/process/task_queues:95:5)
[error] 
[error] Error: Failed to get Firebase project my-portfolio-a385c. Please make sure the project exists and your account has permission to access it.
[debug] [2023-12-05T15:01:28.082Z] ----------------------------------------------------------------------
[debug] [2023-12-05T15:01:28.085Z] Command:       C:\Program Files\nodejs\node.exe C:\Users\aksha\AppData\Roaming\npm\node_modules\firebase-tools\lib\bin\firebase.js init
[debug] [2023-12-05T15:01:28.086Z] CLI Version:   12.9.1
[debug] [2023-12-05T15:01:28.086Z] Platform:      win32
[debug] [2023-12-05T15:01:28.086Z] Node Version:  v18.12.1
[debug] [2023-12-05T15:01:28.088Z] Time:          Tue Dec 05 2023 20:31:28 GMT+0530 (India Standard Time)
[debug] [2023-12-05T15:01:28.088Z] ----------------------------------------------------------------------
[debug] 
[debug] [2023-12-05T15:01:28.256Z] > command requires scopes: ["email","openid","https://www.googleapis.com/auth/cloudplatformprojects.readonly","https://www.googleapis.com/auth/firebase","https://www.googleapis.com/auth/cloud-platform"]
[debug] [2023-12-05T15:01:28.257Z] > authorizing via signed-in user (akshayrayate1999@gmail.com)
[info] 
     ######## #### ########  ######## ########     ###     ######  ########
     ##        ##  ##     ## ##       ##     ##  ##   ##  ##       ##
     ######    ##  ########  ######   ########  #########  ######  ######
     ##        ##  ##    ##  ##       ##     ## ##     ##       ## ##
     ##       #### ##     ## ######## ########  ##     ##  ######  ########

You're about to initialize a Firebase project in this directory:

  E:\04_React\my-porfolio

Before we get started, keep in mind:

  * You are initializing within an existing Firebase project directory

[info] 
=== Project Setup
[info] 
[info] First, let's associate this project directory with a Firebase project.
[info] You can create multiple project aliases by running firebase use --add, 
[info] but for now we'll just set up a default project.
[info] 
[debug] [2023-12-05T15:01:34.933Z] Using project from CLI flag: my-portfolio-a385c
[debug] [2023-12-05T15:01:34.935Z] > refreshing access token with scopes: []
[debug] [2023-12-05T15:01:34.939Z] >>> [apiv2][query] POST https://www.googleapis.com/oauth2/v3/token [none]
[debug] [2023-12-05T15:01:34.939Z] >>> [apiv2][body] POST https://www.googleapis.com/oauth2/v3/token [omitted]
[debug] [2023-12-05T15:02:04.743Z] *** [apiv2] error from fetch(https://www.googleapis.com/oauth2/v3/token, {"headers":{},"method":"POST","body":{"_overheadLength":545,"_valueLength":212,"_valuesToMeasure":[],"writable":false,"readable":true,"dataSize":0,"maxDataSize":2097152,"pauseStreams":true,"_released":true,"_streams":[],"_currentStream":null,"_insideLoop":false,"_pendingNext":false,"_boundary":"--------------------------031383587400721922822118","_events":{},"_eventsCount":1}}): FetchError: request to https://www.googleapis.com/oauth2/v3/token failed, reason: Client network socket disconnected before secure TLS connection was established
[debug] [2023-12-05T15:02:04.744Z] Authentication Error: Your credentials are no longer valid. Please run firebase login --reauth

For CI servers and headless environments, generate a new token with firebase login:ci
[debug] [2023-12-05T15:02:09.776Z] Error: Timed out.
    at Timeout._onTimeout (C:\Users\aksha\AppData\Roaming\npm\node_modules\firebase-tools\lib\utils.js:254:49)
    at listOnTimeout (node:internal/timers:564:17)
    at process.processTimers (node:internal/timers:507:7)
[error] 
[error] Error: An unexpected error has occurred.
